Determining if the pthread_create exist failed with the following output:
Change Dir: /home/httpd/src/app/webSocket/build/CMakeFiles/CMakeTmp

Run Build Command:"/usr/bin/make" "cmTC_aeb9a/fast"
/usr/bin/make -f CMakeFiles/cmTC_aeb9a.dir/build.make CMakeFiles/cmTC_aeb9a.dir/build
make[1]: Entering directory '/home/httpd/src/app/webSocket/build/CMakeFiles/CMakeTmp'
Building C object CMakeFiles/cmTC_aeb9a.dir/CheckSymbolExists.c.o
/usr/bin/cc     -o CMakeFiles/cmTC_aeb9a.dir/CheckSymbolExists.c.o   -c /home/httpd/src/app/webSocket/build/CMakeFiles/CMakeTmp/CheckSymbolExists.c
Linking C executable cmTC_aeb9a
/usr/bin/cmake -E cmake_link_script CMakeFiles/cmTC_aeb9a.dir/link.txt --verbose=1
/usr/bin/cc       CMakeFiles/cmTC_aeb9a.dir/CheckSymbolExists.c.o  -o cmTC_aeb9a -rdynamic 
CMakeFiles/cmTC_aeb9a.dir/CheckSymbolExists.c.o: In function `main':
CheckSymbolExists.c:(.text+0x16): undefined reference to `pthread_create'
collect2: error: ld returned 1 exit status
CMakeFiles/cmTC_aeb9a.dir/build.make:97: recipe for target 'cmTC_aeb9a' failed
make[1]: *** [cmTC_aeb9a] Error 1
make[1]: Leaving directory '/home/httpd/src/app/webSocket/build/CMakeFiles/CMakeTmp'
Makefile:126: recipe for target 'cmTC_aeb9a/fast' failed
make: *** [cmTC_aeb9a/fast] Error 2

File /home/httpd/src/app/webSocket/build/CMakeFiles/CMakeTmp/CheckSymbolExists.c:
/* */
#include <pthread.h>

int main(int argc, char** argv)
{
  (void)argv;
#ifndef pthread_create
  return ((int*)(&pthread_create))[argc];
#else
  (void)argc;
  return 0;
#endif
}

Determining if the function pthread_create exists in the pthreads failed with the following output:
Change Dir: /home/httpd/src/app/webSocket/build/CMakeFiles/CMakeTmp

Run Build Command:"/usr/bin/make" "cmTC_24f76/fast"
/usr/bin/make -f CMakeFiles/cmTC_24f76.dir/build.make CMakeFiles/cmTC_24f76.dir/build
make[1]: Entering directory '/home/httpd/src/app/webSocket/build/CMakeFiles/CMakeTmp'
Building C object CMakeFiles/cmTC_24f76.dir/CheckFunctionExists.c.o
/usr/bin/cc    -DCHECK_FUNCTION_EXISTS=pthread_create   -o CMakeFiles/cmTC_24f76.dir/CheckFunctionExists.c.o   -c /usr/share/cmake-3.5/Modules/CheckFunctionExists.c
Linking C executable cmTC_24f76
/usr/bin/cmake -E cmake_link_script CMakeFiles/cmTC_24f76.dir/link.txt --verbose=1
/usr/bin/cc   -DCHECK_FUNCTION_EXISTS=pthread_create    CMakeFiles/cmTC_24f76.dir/CheckFunctionExists.c.o  -o cmTC_24f76 -rdynamic -lpthreads 
/usr/bin/ld: cannot find -lpthreads
collect2: error: ld returned 1 exit status
CMakeFiles/cmTC_24f76.dir/build.make:97: recipe for target 'cmTC_24f76' failed
make[1]: *** [cmTC_24f76] Error 1
make[1]: Leaving directory '/home/httpd/src/app/webSocket/build/CMakeFiles/CMakeTmp'
Makefile:126: recipe for target 'cmTC_24f76/fast' failed
make: *** [cmTC_24f76/fast] Error 2


