Determining if the pthread_create exist failed with the following output:
Change Dir: /home/httpd/src/app/socket/build/CMakeFiles/CMakeFiles/CMakeTmp

Run Build Command:"/usr/bin/make" "cmTC_7f0aa/fast"
/usr/bin/make -f CMakeFiles/cmTC_7f0aa.dir/build.make CMakeFiles/cmTC_7f0aa.dir/build
make[1]: Entering directory '/home/httpd/src/app/socket/build/CMakeFiles/CMakeFiles/CMakeTmp'
Building C object CMakeFiles/cmTC_7f0aa.dir/CheckSymbolExists.c.o
/usr/bin/cc     -o CMakeFiles/cmTC_7f0aa.dir/CheckSymbolExists.c.o   -c /home/httpd/src/app/socket/build/CMakeFiles/CMakeFiles/CMakeTmp/CheckSymbolExists.c
Linking C executable cmTC_7f0aa
/usr/bin/cmake -E cmake_link_script CMakeFiles/cmTC_7f0aa.dir/link.txt --verbose=1
/usr/bin/cc       CMakeFiles/cmTC_7f0aa.dir/CheckSymbolExists.c.o  -o cmTC_7f0aa -rdynamic 
CMakeFiles/cmTC_7f0aa.dir/CheckSymbolExists.c.o: In function `main':
CheckSymbolExists.c:(.text+0x16): undefined reference to `pthread_create'
collect2: error: ld returned 1 exit status
CMakeFiles/cmTC_7f0aa.dir/build.make:97: recipe for target 'cmTC_7f0aa' failed
make[1]: *** [cmTC_7f0aa] Error 1
make[1]: Leaving directory '/home/httpd/src/app/socket/build/CMakeFiles/CMakeFiles/CMakeTmp'
Makefile:126: recipe for target 'cmTC_7f0aa/fast' failed
make: *** [cmTC_7f0aa/fast] Error 2

File /home/httpd/src/app/socket/build/CMakeFiles/CMakeFiles/CMakeTmp/CheckSymbolExists.c:
/* */
#include <pthread.h>

int main(int argc, char** argv)
{
  (void)argv;
#ifndef pthread_create
  return ((int*)(&pthread_create))[argc];
#else
  (void)argc;
  return 0;
#endif
}

Determining if the function pthread_create exists in the pthreads failed with the following output:
Change Dir: /home/httpd/src/app/socket/build/CMakeFiles/CMakeFiles/CMakeTmp

Run Build Command:"/usr/bin/make" "cmTC_ed2b9/fast"
/usr/bin/make -f CMakeFiles/cmTC_ed2b9.dir/build.make CMakeFiles/cmTC_ed2b9.dir/build
make[1]: Entering directory '/home/httpd/src/app/socket/build/CMakeFiles/CMakeFiles/CMakeTmp'
Building C object CMakeFiles/cmTC_ed2b9.dir/CheckFunctionExists.c.o
/usr/bin/cc    -DCHECK_FUNCTION_EXISTS=pthread_create   -o CMakeFiles/cmTC_ed2b9.dir/CheckFunctionExists.c.o   -c /usr/share/cmake-3.5/Modules/CheckFunctionExists.c
Linking C executable cmTC_ed2b9
/usr/bin/cmake -E cmake_link_script CMakeFiles/cmTC_ed2b9.dir/link.txt --verbose=1
/usr/bin/cc   -DCHECK_FUNCTION_EXISTS=pthread_create    CMakeFiles/cmTC_ed2b9.dir/CheckFunctionExists.c.o  -o cmTC_ed2b9 -rdynamic -lpthreads 
/usr/bin/ld: cannot find -lpthreads
collect2: error: ld returned 1 exit status
CMakeFiles/cmTC_ed2b9.dir/build.make:97: recipe for target 'cmTC_ed2b9' failed
make[1]: *** [cmTC_ed2b9] Error 1
make[1]: Leaving directory '/home/httpd/src/app/socket/build/CMakeFiles/CMakeFiles/CMakeTmp'
Makefile:126: recipe for target 'cmTC_ed2b9/fast' failed
make: *** [cmTC_ed2b9/fast] Error 2


